<?xml version="1.0" encoding="utf-8"?><testsuites name="pytest tests"><testsuite name="pytest" errors="0" failures="0" skipped="0" tests="4" time="7.029" timestamp="2026-03-12T17:06:49.988281+00:00" hostname="agent-env-f8e40b6a-64bd-47ea-9cdf-135e19e8e385"><testcase classname="tests.test_wheel_packaging" name="test_01_build_wheel_successfully" time="2.225" /><testcase classname="tests.test_wheel_packaging" name="test_02_wheel_artifact_exists_in_dist" time="0.001" /><testcase classname="tests.test_wheel_packaging" name="test_03_wheel_installs_into_isolated_target" time="0.370" /><testcase classname="tests.test_wheel_packaging" name="test_04_installed_package_exposes_fastapi_app_with_required_env" time="4.411" /></testsuite></testsuites>