<?xml version="1.0" encoding="utf-8"?><testsuites name="pytest tests"><testsuite name="pytest" errors="0" failures="0" skipped="0" tests="12" time="19.569" timestamp="2026-03-11T18:22:36.434728+00:00" hostname="agent-env-f8e40b6a-64bd-47ea-9cdf-135e19e8e385"><testcase classname="backend.tests.test_meditrack_e2e" name="test_01_landing_root_health" time="0.231" /><testcase classname="backend.tests.test_meditrack_e2e" name="test_02_patient_signup_and_login" time="0.588" /><testcase classname="backend.tests.test_meditrack_e2e" name="test_03_admin_login_seeded" time="0.290" /><testcase classname="backend.tests.test_meditrack_e2e" name="test_04_dashboard_loads_for_patient" time="0.065" /><testcase classname="backend.tests.test_meditrack_e2e" name="test_05_add_medicines_creates_interaction_alert" time="5.643" /><testcase classname="backend.tests.test_meditrack_e2e" name="test_06_records_create_and_delete" time="0.300" /><testcase classname="backend.tests.test_meditrack_e2e" name="test_07_import_from_text" time="5.092" /><testcase classname="backend.tests.test_meditrack_e2e" name="test_08_doctor_sharing_and_public_report" time="0.170" /><testcase classname="backend.tests.test_meditrack_e2e" name="test_09_profile_update" time="0.150" /><testcase classname="backend.tests.test_meditrack_e2e" name="test_10_admin_overview_and_rules" time="0.155" /><testcase classname="backend.tests.test_meditrack_e2e" name="test_11_ai_chat_flow" time="6.737" /><testcase classname="backend.tests.test_meditrack_e2e" name="test_12_cleanup_delete_test_account" time="0.073" /></testsuite></testsuites>